Using pre-set license
Built from '2021.2/staging' branch; Version is '2021.2.7f1 (6bd9e232123f) revision 7068130'; Using compiler version '192829333'; Build Type 'Release'
OS: 'Windows 10  (10.0.19043) 64bit Professional' Language: 'en' Physical Memory: 16138 MB
BatchMode: 1, IsHumanControllingUs: 0, StartBugReporterOnCrash: 0, Is64bit: 1, IsPro: 0

COMMAND LINE ARGUMENTS:
C:\Program Files\Unity\Editor\2021.2.7f1\Editor\Unity.exe
-adb2
-batchMode
-noUpm
-name
AssetImportWorker0
-projectPath
C:/Users/adama/Desktop/Leftover Pizza
-logFile
Logs/AssetImportWorker0.log
-srvPort
59411
Successfully changed project path to: C:/Users/adama/Desktop/Leftover Pizza
C:/Users/adama/Desktop/Leftover Pizza
[UnityMemory] Configuration Parameters - Can be set up in boot.config
    "memorysetup-bucket-allocator-granularity=16"
    "memorysetup-bucket-allocator-bucket-count=8"
    "memorysetup-bucket-allocator-block-size=33554432"
    "memorysetup-bucket-allocator-block-count=8"
    "memorysetup-main-allocator-block-size=16777216"
    "memorysetup-thread-allocator-block-size=16777216"
    "memorysetup-gfx-main-allocator-block-size=16777216"
    "memorysetup-gfx-thread-allocator-block-size=16777216"
    "memorysetup-cache-allocator-block-size=4194304"
    "memorysetup-typetree-allocator-block-size=2097152"
    "memorysetup-profiler-bucket-allocator-granularity=16"
    "memorysetup-profiler-bucket-allocator-bucket-count=8"
    "memorysetup-profiler-bucket-allocator-block-size=33554432"
    "memorysetup-profiler-bucket-allocator-block-count=8"
    "memorysetup-profiler-allocator-block-size=16777216"
    "memorysetup-profiler-editor-allocator-block-size=1048576"
    "memorysetup-temp-allocator-size-main=16777216"
    "memorysetup-job-temp-allocator-block-size=2097152"
    "memorysetup-job-temp-allocator-block-size-background=1048576"
    "memorysetup-job-temp-allocator-reduction-small-platforms=262144"
    "memorysetup-temp-allocator-size-background-worker=32768"
    "memorysetup-temp-allocator-size-job-worker=262144"
    "memorysetup-temp-allocator-size-preload-manager=33554432"
    "memorysetup-temp-allocator-size-nav-mesh-worker=65536"
    "memorysetup-temp-allocator-size-audio-worker=65536"
    "memorysetup-temp-allocator-size-cloud-worker=32768"
    "memorysetup-temp-allocator-size-gi-baking-worker=262144"
    "memorysetup-temp-allocator-size-gfx=262144"
Refreshing native plugins compatible for Editor in 112.00 ms, found 2 plugins.
Preloading 0 native plugins for Editor in 0.00 ms.
Initialize engine version: 2021.2.7f1 (6bd9e232123f)
[Subsystems] Discovering subsystems at path C:/Program Files/Unity/Editor/2021.2.7f1/Editor/Data/Resources/UnitySubsystems
[Subsystems] Discovering subsystems at path C:/Users/adama/Desktop/Leftover Pizza/Assets
GfxDevice: creating device client; threaded=0; jobified=0
Direct3D:
    Version:  Direct3D 11.0 [level 11.1]
    Renderer: Intel(R) UHD Graphics (ID=0x9b41)
    Vendor:   Intel
    VRAM:     8069 MB
    Driver:   30.0.100.9955
Initialize mono
Mono path[0] = 'C:/Program Files/Unity/Editor/2021.2.7f1/Editor/Data/Managed'
Mono path[1] = 'C:/Program Files/Unity/Editor/2021.2.7f1/Editor/Data/MonoBleedingEdge/lib/mono/unityjit-win32'
Mono config path = 'C:/Program Files/Unity/Editor/2021.2.7f1/Editor/Data/MonoBleedingEdge/etc'
Using monoOptions --debugger-agent=transport=dt_socket,embedding=1,server=y,suspend=n,address=127.0.0.1:56912
Begin MonoManager ReloadAssembly
Registering precompiled unity dll's ...
Register platform support module: C:/Program Files/Unity/Editor/2021.2.7f1/Editor/Data/PlaybackEngines/WindowsStandaloneSupport/UnityEditor.WindowsStandalone.Extensions.dll
Registered in 0.019861 seconds.
Native extension for WindowsStandalone target not found
Refreshing native plugins compatible for Editor in 75.62 ms, found 2 plugins.
Preloading 0 native plugins for Editor in 0.00 ms.
Mono: successfully reloaded assembly
- Completed reload, in  2.052 seconds
Domain Reload Profiling:
	ReloadAssembly (2053ms)
		BeginReloadAssembly (233ms)
			ExecutionOrderSort (0ms)
			DisableScriptedObjects (0ms)
			BackupInstance (0ms)
			ReleaseScriptingObjects (0ms)
			CreateAndSetChildDomain (3ms)
		EndReloadAssembly (1537ms)
			LoadAssemblies (224ms)
			RebuildTransferFunctionScriptingTraits (0ms)
			SetupTypeCache (383ms)
			ReleaseScriptCaches (0ms)
			RebuildScriptCaches (115ms)
			SetupLoadedEditorAssemblies (870ms)
				LogAssemblyErrors (0ms)
				InitializePlatformSupportModulesInManaged (53ms)
				SetLoadedEditorAssemblies (1ms)
				RefreshPlugins (76ms)
				BeforeProcessingInitializeOnLoad (3ms)
				ProcessInitializeOnLoadAttributes (561ms)
				ProcessInitializeOnLoadMethodAttributes (177ms)
				AfterProcessingInitializeOnLoad (0ms)
				EditorAssembliesLoaded (0ms)
			ExecutionOrderSort2 (0ms)
			AwakeInstancesAfterBackupRestoration (0ms)
Platform modules already initialized, skipping
Registering precompiled user dll's ...
Registered in 0.022884 seconds.
Begin MonoManager ReloadAssembly
Native extension for WindowsStandalone target not found
Refreshing native plugins compatible for Editor in 88.59 ms, found 2 plugins.
Preloading 0 native plugins for Editor in 0.00 ms.
Mono: successfully reloaded assembly
- Completed reload, in  2.690 seconds
Domain Reload Profiling:
	ReloadAssembly (2693ms)
		BeginReloadAssembly (358ms)
			ExecutionOrderSort (0ms)
			DisableScriptedObjects (18ms)
			BackupInstance (0ms)
			ReleaseScriptingObjects (0ms)
			CreateAndSetChildDomain (60ms)
		EndReloadAssembly (2019ms)
			LoadAssemblies (222ms)
			RebuildTransferFunctionScriptingTraits (0ms)
			SetupTypeCache (491ms)
			ReleaseScriptCaches (1ms)
			RebuildScriptCaches (92ms)
			SetupLoadedEditorAssemblies (1121ms)
				LogAssemblyErrors (0ms)
				InitializePlatformSupportModulesInManaged (38ms)
				SetLoadedEditorAssemblies (0ms)
				RefreshPlugins (89ms)
				BeforeProcessingInitializeOnLoad (154ms)
				ProcessInitializeOnLoadAttributes (732ms)
				ProcessInitializeOnLoadMethodAttributes (81ms)
				AfterProcessingInitializeOnLoad (26ms)
				EditorAssembliesLoaded (0ms)
			ExecutionOrderSort2 (0ms)
			AwakeInstancesAfterBackupRestoration (13ms)
Platform modules already initialized, skipping
========================================================================
Worker process is ready to serve import requests
Launched and connected shader compiler UnityShaderCompiler.exe after 0.15 seconds
Refreshing native plugins compatible for Editor in 0.91 ms, found 2 plugins.
Preloading 0 native plugins for Editor in 0.00 ms.
Unloading 1182 Unused Serialized files (Serialized files now loaded: 0)
Unloading 41 unused Assets / (132.4 KB). Loaded Objects now: 1700.
Memory consumption went from 77.9 MB to 77.7 MB.
Total: 6.978300 ms (FindLiveObjects: 0.389100 ms CreateObjectMapping: 0.188200 ms MarkObjects: 6.014200 ms  DeleteObjects: 0.362000 ms)

AssetImportParameters requested are different than current active one (requested -> active):
  custom:video-decoder-ogg-theora: a1e56fd34408186e4bbccfd4996cb3dc -> 
  custom:container-muxer-webm: aa71ff27fc2769a1b78a27578f13a17b -> 
  custom:container-demuxer-webm: 4f35f7cbe854078d1ac9338744f61a02 -> 
  custom:video-encoder-webm-vp8: eb34c28f22e8b96e1ab97ce403110664 -> 
  custom:video-codec-MediaFoundation-h265: 746d11721c4dcdbdad8f713fa42b33f4 -> 
  custom:audio-encoder-webm-vorbis: bf7c407c2cedff20999df2af8eb42d56 -> 
  custom:framework-win-MediaFoundation: 216162199b28c13a410421893ffa2e32 -> 
  custom:container-demuxer-ogg: 62fdf1f143b41e24485cea50d1cbac27 -> 
  custom:video-decoder-webm-vp8: 9c59270c3fd7afecdb556c50c9e8de78 -> 
  custom:audio-decoder-ogg-vorbis: bf7c407c2cedff20999df2af8eb42d56 -> 
========================================================================
Received Import Request.
  Time since last request: 247611.769585 seconds.
  path: Assets/StarterAssets/Environment/Art/Models/Ramp_Mesh.fbx
  artifactKey: Guid(426a2785f8a940049aac2c246661cf09) Importer(815301076,1909f56bfc062723c751e8b465ee728b)
Start importing Assets/StarterAssets/Environment/Art/Models/Ramp_Mesh.fbx using Guid(426a2785f8a940049aac2c246661cf09) Importer(815301076,1909f56bfc062723c751e8b465ee728b)  -> (artifact id: '738c787705c83c694d296d0b2397b266') in 0.518141 seconds 
========================================================================
Received Import Request.
  Time since last request: 0.000035 seconds.
  path: Assets/StarterAssets/Environment/Art/Models/Stairs_200x100x200_Mesh.fbx
  artifactKey: Guid(fce3bf5a5b603db45ab0048fb6ab44df) Importer(815301076,1909f56bfc062723c751e8b465ee728b)
Start importing Assets/StarterAssets/Environment/Art/Models/Stairs_200x100x200_Mesh.fbx using Guid(fce3bf5a5b603db45ab0048fb6ab44df) Importer(815301076,1909f56bfc062723c751e8b465ee728b)  -> (artifact id: '9d6738f3a15a5a23ddffcb143f42801a') in 0.103380 seconds 
========================================================================
Received Import Request.
  Time since last request: 450.651022 seconds.
  path: Assets/StarterAssets
  artifactKey: Guid(47f841d4f77fab5418088f5754609c70) Importer(815301076,1909f56bfc062723c751e8b465ee728b)
Start importing Assets/StarterAssets using Guid(47f841d4f77fab5418088f5754609c70) Importer(815301076,1909f56bfc062723c751e8b465ee728b)  -> (artifact id: 'b30cb39c677c67d942053d36efaa0f03') in 0.044050 seconds 
========================================================================
Received Import Request.
  Time since last request: 9.679228 seconds.
  path: Assets/New Terrain.asset
  artifactKey: Guid(0654cd0424fb3134d8afa17e521ef7c3) Importer(815301076,1909f56bfc062723c751e8b465ee728b)
Start importing Assets/New Terrain.asset using Guid(0654cd0424fb3134d8afa17e521ef7c3) Importer(815301076,1909f56bfc062723c751e8b465ee728b)  -> (artifact id: '6d1d02016cba3c1cd0571f3c6dc4dfae') in 0.054228 seconds 
========================================================================
Received Import Request.
  Time since last request: 48.781549 seconds.
  path: Assets/StarterAssets/Pause Menu.cs
  artifactKey: Guid(90a12551a3fa5c545b95e7b6338a6810) Importer(815301076,1909f56bfc062723c751e8b465ee728b)
Start importing Assets/StarterAssets/Pause Menu.cs using Guid(90a12551a3fa5c545b95e7b6338a6810) Importer(815301076,1909f56bfc062723c751e8b465ee728b)  -> (artifact id: '8f014090fd9fb1ca66a35287a8f41cb9') in 0.025353 seconds 
========================================================================
Received Prepare
Registering precompiled user dll's ...
Registered in 0.013473 seconds.
Begin MonoManager ReloadAssembly
Native extension for WindowsStandalone target not found
Refreshing native plugins compatible for Editor in 1.00 ms, found 2 plugins.
Preloading 0 native plugins for Editor in 0.00 ms.
Mono: successfully reloaded assembly
- Completed reload, in  2.577 seconds
Domain Reload Profiling:
	ReloadAssembly (2579ms)
		BeginReloadAssembly (293ms)
			ExecutionOrderSort (0ms)
			DisableScriptedObjects (11ms)
			BackupInstance (0ms)
			ReleaseScriptingObjects (0ms)
			CreateAndSetChildDomain (42ms)
		EndReloadAssembly (2050ms)
			LoadAssemblies (208ms)
			RebuildTransferFunctionScriptingTraits (0ms)
			SetupTypeCache (569ms)
			ReleaseScriptCaches (1ms)
			RebuildScriptCaches (76ms)
			SetupLoadedEditorAssemblies (1116ms)
				LogAssemblyErrors (0ms)
				InitializePlatformSupportModulesInManaged (43ms)
				SetLoadedEditorAssemblies (2ms)
				RefreshPlugins (1ms)
				BeforeProcessingInitializeOnLoad (162ms)
				ProcessInitializeOnLoadAttributes (783ms)
				ProcessInitializeOnLoadMethodAttributes (90ms)
				AfterProcessingInitializeOnLoad (34ms)
				EditorAssembliesLoaded (1ms)
			ExecutionOrderSort2 (0ms)
			AwakeInstancesAfterBackupRestoration (17ms)
Platform modules already initialized, skipping
Refreshing native plugins compatible for Editor in 0.61 ms, found 2 plugins.
Preloading 0 native plugins for Editor in 0.00 ms.
Unloading 1162 Unused Serialized files (Serialized files now loaded: 0)
Unloading 23 unused Assets / (96.7 KB). Loaded Objects now: 1758.
Memory consumption went from 80.4 MB to 80.3 MB.
Total: 4.706300 ms (FindLiveObjects: 0.317900 ms CreateObjectMapping: 0.166900 ms MarkObjects: 4.174500 ms  DeleteObjects: 0.045000 ms)

AssetImportParameters requested are different than current active one (requested -> active):
  custom:video-decoder-ogg-theora: a1e56fd34408186e4bbccfd4996cb3dc -> 
  custom:container-muxer-webm: aa71ff27fc2769a1b78a27578f13a17b -> 
  custom:container-demuxer-webm: 4f35f7cbe854078d1ac9338744f61a02 -> 
  custom:video-encoder-webm-vp8: eb34c28f22e8b96e1ab97ce403110664 -> 
  custom:video-codec-MediaFoundation-h265: 746d11721c4dcdbdad8f713fa42b33f4 -> 
  custom:audio-encoder-webm-vorbis: bf7c407c2cedff20999df2af8eb42d56 -> 
  custom:framework-win-MediaFoundation: 216162199b28c13a410421893ffa2e32 -> 
  custom:container-demuxer-ogg: 62fdf1f143b41e24485cea50d1cbac27 -> 
  custom:video-decoder-webm-vp8: 9c59270c3fd7afecdb556c50c9e8de78 -> 
  custom:audio-decoder-ogg-vorbis: bf7c407c2cedff20999df2af8eb42d56 -> 
========================================================================
Received Prepare
Registering precompiled user dll's ...
Registered in 0.017540 seconds.
Begin MonoManager ReloadAssembly
Native extension for WindowsStandalone target not found
Refreshing native plugins compatible for Editor in 0.63 ms, found 2 plugins.
Preloading 0 native plugins for Editor in 0.00 ms.
Mono: successfully reloaded assembly
- Completed reload, in  2.417 seconds
Domain Reload Profiling:
	ReloadAssembly (2418ms)
		BeginReloadAssembly (250ms)
			ExecutionOrderSort (0ms)
			DisableScriptedObjects (10ms)
			BackupInstance (0ms)
			ReleaseScriptingObjects (0ms)
			CreateAndSetChildDomain (60ms)
		EndReloadAssembly (1933ms)
			LoadAssemblies (148ms)
			RebuildTransferFunctionScriptingTraits (0ms)
			SetupTypeCache (493ms)
			ReleaseScriptCaches (1ms)
			RebuildScriptCaches (99ms)
			SetupLoadedEditorAssemblies (1066ms)
				LogAssemblyErrors (0ms)
				InitializePlatformSupportModulesInManaged (44ms)
				SetLoadedEditorAssemblies (2ms)
				RefreshPlugins (1ms)
				BeforeProcessingInitializeOnLoad (188ms)
				ProcessInitializeOnLoadAttributes (760ms)
				ProcessInitializeOnLoadMethodAttributes (55ms)
				AfterProcessingInitializeOnLoad (16ms)
				EditorAssembliesLoaded (0ms)
			ExecutionOrderSort2 (0ms)
			AwakeInstancesAfterBackupRestoration (11ms)
Platform modules already initialized, skipping
Refreshing native plugins compatible for Editor in 0.62 ms, found 2 plugins.
Preloading 0 native plugins for Editor in 0.00 ms.
Unloading 1161 Unused Serialized files (Serialized files now loaded: 0)
Unloading 23 unused Assets / (96.8 KB). Loaded Objects now: 1772.
Memory consumption went from 80.4 MB to 80.3 MB.
Total: 4.881100 ms (FindLiveObjects: 0.331600 ms CreateObjectMapping: 0.125300 ms MarkObjects: 4.370100 ms  DeleteObjects: 0.052400 ms)

AssetImportParameters requested are different than current active one (requested -> active):
  custom:video-decoder-ogg-theora: a1e56fd34408186e4bbccfd4996cb3dc -> 
  custom:container-muxer-webm: aa71ff27fc2769a1b78a27578f13a17b -> 
  custom:container-demuxer-webm: 4f35f7cbe854078d1ac9338744f61a02 -> 
  custom:video-encoder-webm-vp8: eb34c28f22e8b96e1ab97ce403110664 -> 
  custom:video-codec-MediaFoundation-h265: 746d11721c4dcdbdad8f713fa42b33f4 -> 
  custom:audio-encoder-webm-vorbis: bf7c407c2cedff20999df2af8eb42d56 -> 
  custom:framework-win-MediaFoundation: 216162199b28c13a410421893ffa2e32 -> 
  custom:container-demuxer-ogg: 62fdf1f143b41e24485cea50d1cbac27 -> 
  custom:video-decoder-webm-vp8: 9c59270c3fd7afecdb556c50c9e8de78 -> 
  custom:audio-decoder-ogg-vorbis: bf7c407c2cedff20999df2af8eb42d56 -> 
========================================================================
Received Prepare
Registering precompiled user dll's ...
Registered in 0.012398 seconds.
Begin MonoManager ReloadAssembly
Native extension for WindowsStandalone target not found
Refreshing native plugins compatible for Editor in 1.51 ms, found 2 plugins.
Preloading 0 native plugins for Editor in 0.00 ms.
Mono: successfully reloaded assembly
- Completed reload, in  2.708 seconds
Domain Reload Profiling:
	ReloadAssembly (2710ms)
		BeginReloadAssembly (434ms)
			ExecutionOrderSort (0ms)
			DisableScriptedObjects (14ms)
			BackupInstance (0ms)
			ReleaseScriptingObjects (0ms)
			CreateAndSetChildDomain (96ms)
		EndReloadAssembly (1906ms)
			LoadAssemblies (266ms)
			RebuildTransferFunctionScriptingTraits (0ms)
			SetupTypeCache (371ms)
			ReleaseScriptCaches (1ms)
			RebuildScriptCaches (112ms)
			SetupLoadedEditorAssemblies (1010ms)
				LogAssemblyErrors (0ms)
				InitializePlatformSupportModulesInManaged (75ms)
				SetLoadedEditorAssemblies (3ms)
				RefreshPlugins (2ms)
				BeforeProcessingInitializeOnLoad (173ms)
				ProcessInitializeOnLoadAttributes (643ms)
				ProcessInitializeOnLoadMethodAttributes (83ms)
				AfterProcessingInitializeOnLoad (31ms)
				EditorAssembliesLoaded (1ms)
			ExecutionOrderSort2 (0ms)
			AwakeInstancesAfterBackupRestoration (20ms)
Platform modules already initialized, skipping
Refreshing native plugins compatible for Editor in 0.42 ms, found 2 plugins.
Preloading 0 native plugins for Editor in 0.00 ms.
Unloading 1161 Unused Serialized files (Serialized files now loaded: 0)
Unloading 23 unused Assets / (96.8 KB). Loaded Objects now: 1786.
Memory consumption went from 80.4 MB to 80.3 MB.
Total: 8.299300 ms (FindLiveObjects: 0.280900 ms CreateObjectMapping: 0.153200 ms MarkObjects: 7.788800 ms  DeleteObjects: 0.074500 ms)

AssetImportParameters requested are different than current active one (requested -> active):
  custom:video-decoder-ogg-theora: a1e56fd34408186e4bbccfd4996cb3dc -> 
  custom:container-muxer-webm: aa71ff27fc2769a1b78a27578f13a17b -> 
  custom:container-demuxer-webm: 4f35f7cbe854078d1ac9338744f61a02 -> 
  custom:video-encoder-webm-vp8: eb34c28f22e8b96e1ab97ce403110664 -> 
  custom:video-codec-MediaFoundation-h265: 746d11721c4dcdbdad8f713fa42b33f4 -> 
  custom:audio-encoder-webm-vorbis: bf7c407c2cedff20999df2af8eb42d56 -> 
  custom:framework-win-MediaFoundation: 216162199b28c13a410421893ffa2e32 -> 
  custom:container-demuxer-ogg: 62fdf1f143b41e24485cea50d1cbac27 -> 
  custom:video-decoder-webm-vp8: 9c59270c3fd7afecdb556c50c9e8de78 -> 
  custom:audio-decoder-ogg-vorbis: bf7c407c2cedff20999df2af8eb42d56 -> 
========================================================================
Received Import Request.
  Time since last request: 136.553029 seconds.
  path: Assets/Pause Menu.cs
  artifactKey: Guid(90a12551a3fa5c545b95e7b6338a6810) Importer(815301076,1909f56bfc062723c751e8b465ee728b)
Start importing Assets/Pause Menu.cs using Guid(90a12551a3fa5c545b95e7b6338a6810) Importer(815301076,1909f56bfc062723c751e8b465ee728b)  -> (artifact id: '54a9ff67e0816311373a2ee9461b3a72') in 0.016624 seconds 
========================================================================
Received Prepare
Registering precompiled user dll's ...
Registered in 0.021370 seconds.
Begin MonoManager ReloadAssembly
Native extension for WindowsStandalone target not found
Refreshing native plugins compatible for Editor in 1.41 ms, found 2 plugins.
Preloading 0 native plugins for Editor in 0.00 ms.
Mono: successfully reloaded assembly
- Completed reload, in  2.497 seconds
Domain Reload Profiling:
	ReloadAssembly (2498ms)
		BeginReloadAssembly (397ms)
			ExecutionOrderSort (0ms)
			DisableScriptedObjects (21ms)
			BackupInstance (0ms)
			ReleaseScriptingObjects (0ms)
			CreateAndSetChildDomain (60ms)
		EndReloadAssembly (1792ms)
			LoadAssemblies (240ms)
			RebuildTransferFunctionScriptingTraits (0ms)
			SetupTypeCache (363ms)
			ReleaseScriptCaches (1ms)
			RebuildScriptCaches (88ms)
			SetupLoadedEditorAssemblies (1016ms)
				LogAssemblyErrors (0ms)
				InitializePlatformSupportModulesInManaged (62ms)
				SetLoadedEditorAssemblies (2ms)
				RefreshPlugins (2ms)
				BeforeProcessingInitializeOnLoad (159ms)
				ProcessInitializeOnLoadAttributes (714ms)
				ProcessInitializeOnLoadMethodAttributes (60ms)
				AfterProcessingInitializeOnLoad (17ms)
				EditorAssembliesLoaded (0ms)
			ExecutionOrderSort2 (0ms)
			AwakeInstancesAfterBackupRestoration (10ms)
Platform modules already initialized, skipping
Refreshing native plugins compatible for Editor in 0.88 ms, found 2 plugins.
Preloading 0 native plugins for Editor in 0.00 ms.
Unloading 1160 Unused Serialized files (Serialized files now loaded: 0)
Unloading 24 unused Assets / (96.8 KB). Loaded Objects now: 1799.
Memory consumption went from 80.4 MB to 80.3 MB.
Total: 7.475700 ms (FindLiveObjects: 0.330300 ms CreateObjectMapping: 0.173900 ms MarkObjects: 6.811600 ms  DeleteObjects: 0.156700 ms)

AssetImportParameters requested are different than current active one (requested -> active):
  custom:video-decoder-ogg-theora: a1e56fd34408186e4bbccfd4996cb3dc -> 
  custom:container-muxer-webm: aa71ff27fc2769a1b78a27578f13a17b -> 
  custom:container-demuxer-webm: 4f35f7cbe854078d1ac9338744f61a02 -> 
  custom:video-encoder-webm-vp8: eb34c28f22e8b96e1ab97ce403110664 -> 
  custom:video-codec-MediaFoundation-h265: 746d11721c4dcdbdad8f713fa42b33f4 -> 
  custom:audio-encoder-webm-vorbis: bf7c407c2cedff20999df2af8eb42d56 -> 
  custom:framework-win-MediaFoundation: 216162199b28c13a410421893ffa2e32 -> 
  custom:container-demuxer-ogg: 62fdf1f143b41e24485cea50d1cbac27 -> 
  custom:video-decoder-webm-vp8: 9c59270c3fd7afecdb556c50c9e8de78 -> 
  custom:audio-decoder-ogg-vorbis: bf7c407c2cedff20999df2af8eb42d56 -> 
========================================================================
Received Import Request.
  Time since last request: 372.495052 seconds.
  path: Assets/Scenes/Cabin.unity
  artifactKey: Guid(92460c7453d71484e9113daa4d067ea4) Importer(815301076,1909f56bfc062723c751e8b465ee728b)
Start importing Assets/Scenes/Cabin.unity using Guid(92460c7453d71484e9113daa4d067ea4) Importer(815301076,1909f56bfc062723c751e8b465ee728b)  -> (artifact id: '1620ed58d3ec29d2a3abb06a1535a30c') in 0.087292 seconds 
========================================================================
Received Import Request.
  Time since last request: 53.759222 seconds.
  path: Assets
  artifactKey: Guid(00000000000000001000000000000000) Importer(815301076,1909f56bfc062723c751e8b465ee728b)
Start importing Assets using Guid(00000000000000001000000000000000) Importer(815301076,1909f56bfc062723c751e8b465ee728b)  -> (artifact id: '79842766b460edbeab6a34051e857a80') in 0.020022 seconds 
========================================================================
Received Import Request.
  Time since last request: 6.928867 seconds.
  path: Assets/New Folder
  artifactKey: Guid(64c36de62050c7049b156aea549d2c68) Importer(815301076,1909f56bfc062723c751e8b465ee728b)
Start importing Assets/New Folder using Guid(64c36de62050c7049b156aea549d2c68) Importer(815301076,1909f56bfc062723c751e8b465ee728b)  -> (artifact id: '4e26534cffe37c21ee7dd11ad478dc8c') in 0.016083 seconds 
========================================================================
Received Import Request.
  Time since last request: 4.514517 seconds.
  path: Assets/Audio
  artifactKey: Guid(64c36de62050c7049b156aea549d2c68) Importer(815301076,1909f56bfc062723c751e8b465ee728b)
Start importing Assets/Audio using Guid(64c36de62050c7049b156aea549d2c68) Importer(815301076,1909f56bfc062723c751e8b465ee728b)  -> (artifact id: '7e8a47f88f9b2b6cb79ccdfbc7bb140d') in 0.034565 seconds 
========================================================================
Received Import Request.
  Time since last request: 99.391211 seconds.
  path: Assets/Audio/Air Conditioner Ambience - QuickSounds.com.mp3
  artifactKey: Guid(cca60a1119f77fd46844a7682a42db83) Importer(815301076,1909f56bfc062723c751e8b465ee728b)
Start importing Assets/Audio/Air Conditioner Ambience - QuickSounds.com.mp3 using Guid(cca60a1119f77fd46844a7682a42db83) Importer(815301076,1909f56bfc062723c751e8b465ee728b)  -> (artifact id: '72582b4c92366d7894829552d651d072') in 0.307824 seconds 
========================================================================
Received Import Request.
  Time since last request: 0.000039 seconds.
  path: Assets/Audio/Laboratory Ambience - Test Machinery, Large Room 2 - QuickSounds.com.mp3
  artifactKey: Guid(226b069f2292f5e44be62939121e8ae1) Importer(815301076,1909f56bfc062723c751e8b465ee728b)
Start importing Assets/Audio/Laboratory Ambience - Test Machinery, Large Room 2 - QuickSounds.com.mp3 using Guid(226b069f2292f5e44be62939121e8ae1) Importer(815301076,1909f56bfc062723c751e8b465ee728b)  -> (artifact id: '583b5f713e0de129857b218a04638a9f') in 0.070384 seconds 
========================================================================
Received Import Request.
  Time since last request: 0.000081 seconds.
  path: Assets/Audio/Yawn Long Female - QuickSounds.com.mp3
  artifactKey: Guid(c36f88f948e716d4ca9f516d001d6c8f) Importer(815301076,1909f56bfc062723c751e8b465ee728b)
Start importing Assets/Audio/Yawn Long Female - QuickSounds.com.mp3 using Guid(c36f88f948e716d4ca9f516d001d6c8f) Importer(815301076,1909f56bfc062723c751e8b465ee728b)  -> (artifact id: 'e985474df5c05cb5ae21cbe56ec55c98') in 0.171387 seconds 
========================================================================
Received Import Request.
  Time since last request: 0.000055 seconds.
  path: Assets/Audio/Male Breath Light 2 - QuickSounds.com.mp3
  artifactKey: Guid(dd116d7dc855b5e4ba4e5c52ac434afb) Importer(815301076,1909f56bfc062723c751e8b465ee728b)
Start importing Assets/Audio/Male Breath Light 2 - QuickSounds.com.mp3 using Guid(dd116d7dc855b5e4ba4e5c52ac434afb) Importer(815301076,1909f56bfc062723c751e8b465ee728b)  -> (artifact id: '04c2091b10111d73ac26b77ffb3708d0') in 0.115184 seconds 
========================================================================
Received Import Request.
  Time since last request: 0.000052 seconds.
  path: Assets/Audio/Human Underwater Breathing Through A Snorkel - QuickSounds.com.mp3
  artifactKey: Guid(2ee9964f7f337004498da19ef35271f7) Importer(815301076,1909f56bfc062723c751e8b465ee728b)
Start importing Assets/Audio/Human Underwater Breathing Through A Snorkel - QuickSounds.com.mp3 using Guid(2ee9964f7f337004498da19ef35271f7) Importer(815301076,1909f56bfc062723c751e8b465ee728b)  -> (artifact id: 'b845b7fca2d5d314254bf9da43f9a3f3') in 0.069688 seconds 
========================================================================
Received Import Request.
  Time since last request: 0.000041 seconds.
  path: Assets/Audio/Vinyl Crackle 31 - QuickSounds.com.mp3
  artifactKey: Guid(fddd9d9f6dd71bf4eacd6c12648704d5) Importer(815301076,1909f56bfc062723c751e8b465ee728b)
Start importing Assets/Audio/Vinyl Crackle 31 - QuickSounds.com.mp3 using Guid(fddd9d9f6dd71bf4eacd6c12648704d5) Importer(815301076,1909f56bfc062723c751e8b465ee728b)  -> (artifact id: '8a2f6705f7fe8d34029d2ad95daa6fc2') in 0.066333 seconds 
========================================================================
Received Import Request.
  Time since last request: 0.000081 seconds.
  path: Assets/Audio/Yawn Female - QuickSounds.com.mp3
  artifactKey: Guid(17e43823978ed134aa29f0b95a5b6a81) Importer(815301076,1909f56bfc062723c751e8b465ee728b)
Start importing Assets/Audio/Yawn Female - QuickSounds.com.mp3 using Guid(17e43823978ed134aa29f0b95a5b6a81) Importer(815301076,1909f56bfc062723c751e8b465ee728b)  -> (artifact id: '13eddabd3ee50ba1e5d7ba5e3204509c') in 0.047184 seconds 
========================================================================
Received Import Request.
  Time since last request: 0.000046 seconds.
  path: Assets/Audio/Snore - QuickSounds.com.mp3
  artifactKey: Guid(4112e19332c5b43469c158fc6ecf7e98) Importer(815301076,1909f56bfc062723c751e8b465ee728b)
Start importing Assets/Audio/Snore - QuickSounds.com.mp3 using Guid(4112e19332c5b43469c158fc6ecf7e98) Importer(815301076,1909f56bfc062723c751e8b465ee728b)  -> (artifact id: 'b767b26d793a826bfe1e8350da4d363a') in 0.075416 seconds 
========================================================================
Received Import Request.
  Time since last request: 0.000033 seconds.
  path: Assets/Audio/Whistle, Factory 2 - QuickSounds.com.mp3
  artifactKey: Guid(d006961c5573e384f9d43a76d1eeda48) Importer(815301076,1909f56bfc062723c751e8b465ee728b)
Start importing Assets/Audio/Whistle, Factory 2 - QuickSounds.com.mp3 using Guid(d006961c5573e384f9d43a76d1eeda48) Importer(815301076,1909f56bfc062723c751e8b465ee728b)  -> (artifact id: '31d2082862c59b2079204b38566c9312') in 0.041963 seconds 
========================================================================
Received Import Request.
  Time since last request: 0.000067 seconds.
  path: Assets/Audio/Medical Laboratory 2 - QuickSounds.com.mp3
  artifactKey: Guid(02dc08b71d7238842ba40987b0fe3199) Importer(815301076,1909f56bfc062723c751e8b465ee728b)
Start importing Assets/Audio/Medical Laboratory 2 - QuickSounds.com.mp3 using Guid(02dc08b71d7238842ba40987b0fe3199) Importer(815301076,1909f56bfc062723c751e8b465ee728b)  -> (artifact id: 'fa28b7e8d5dd8745101430ecea32705c') in 0.037611 seconds 
========================================================================
Received Import Request.
  Time since last request: 0.000060 seconds.
  path: Assets/Audio/Male Breath Light 3 - QuickSounds.com.mp3
  artifactKey: Guid(06c27d05dd7317e4da305510ad96b62a) Importer(815301076,1909f56bfc062723c751e8b465ee728b)
Start importing Assets/Audio/Male Breath Light 3 - QuickSounds.com.mp3 using Guid(06c27d05dd7317e4da305510ad96b62a) Importer(815301076,1909f56bfc062723c751e8b465ee728b)  -> (artifact id: '99e9f36c74c311cce03274d91cfed507') in 0.046190 seconds 
========================================================================
Received Import Request.
  Time since last request: 0.000058 seconds.
  path: Assets/Audio/Alpaca Stutter - QuickSounds.com.mp3
  artifactKey: Guid(227d9d23c35f1054d9c00df2c84ab807) Importer(815301076,1909f56bfc062723c751e8b465ee728b)
Start importing Assets/Audio/Alpaca Stutter - QuickSounds.com.mp3 using Guid(227d9d23c35f1054d9c00df2c84ab807) Importer(815301076,1909f56bfc062723c751e8b465ee728b)  -> (artifact id: '02a91ef2bc25c38759e6e5997660cff7') in 0.038705 seconds 
========================================================================
Received Import Request.
  Time since last request: 0.000049 seconds.
  path: Assets/Audio/Human Breath Blow Mattress - QuickSounds.com.mp3
  artifactKey: Guid(e5b4af45eecdba74cacff4608236ba89) Importer(815301076,1909f56bfc062723c751e8b465ee728b)
Start importing Assets/Audio/Human Breath Blow Mattress - QuickSounds.com.mp3 using Guid(e5b4af45eecdba74cacff4608236ba89) Importer(815301076,1909f56bfc062723c751e8b465ee728b)  -> (artifact id: '8d3eeec355445a86c77c4d7a69aeb2eb') in 0.033588 seconds 
========================================================================
Received Import Request.
  Time since last request: 0.000034 seconds.
  path: Assets/Audio/Breaths Synthesized - QuickSounds.com.mp3
  artifactKey: Guid(a2f8f50d6c09888428e881698742ccd3) Importer(815301076,1909f56bfc062723c751e8b465ee728b)
Start importing Assets/Audio/Breaths Synthesized - QuickSounds.com.mp3 using Guid(a2f8f50d6c09888428e881698742ccd3) Importer(815301076,1909f56bfc062723c751e8b465ee728b)  -> (artifact id: 'b77444199b8d825029aa89b22c6db292') in 0.036631 seconds 
========================================================================
Received Import Request.
  Time since last request: 0.000036 seconds.
  path: Assets/Audio/House Air Conditioner Start Run Off - QuickSounds.com.mp3
  artifactKey: Guid(1064b44983706524eafcf49f8571a5d1) Importer(815301076,1909f56bfc062723c751e8b465ee728b)
Start importing Assets/Audio/House Air Conditioner Start Run Off - QuickSounds.com.mp3 using Guid(1064b44983706524eafcf49f8571a5d1) Importer(815301076,1909f56bfc062723c751e8b465ee728b)  -> (artifact id: 'c263667e956f6ee0e1b78754fa8ac7a8') in 0.049362 seconds 
========================================================================
Received Import Request.
  Time since last request: 9692.612216 seconds.
  path: Assets/Audio/New Material.mat
  artifactKey: Guid(c2ab0190b18705245913f9f299cf1bd8) Importer(815301076,1909f56bfc062723c751e8b465ee728b)
Start importing Assets/Audio/New Material.mat using Guid(c2ab0190b18705245913f9f299cf1bd8) Importer(815301076,1909f56bfc062723c751e8b465ee728b)  -> (artifact id: '0bc583bfc2fac22dffc14aa75d2e7564') in 0.240081 seconds 
========================================================================
Received Import Request.
  Time since last request: 115.353403 seconds.
  path: Assets/Audio/New Material 1.mat
  artifactKey: Guid(0d9fe940d8c1e904f923b0e48c90085c) Importer(815301076,1909f56bfc062723c751e8b465ee728b)
Start importing Assets/Audio/New Material 1.mat using Guid(0d9fe940d8c1e904f923b0e48c90085c) Importer(815301076,1909f56bfc062723c751e8b465ee728b)  -> (artifact id: '9ebcefefc79e6c583d64e7ea6ba192b3') in 0.032021 seconds 
========================================================================
Received Import Request.
  Time since last request: 40.251436 seconds.
  path: Assets/Audio/New Material 1.mat
  artifactKey: Guid(0d9fe940d8c1e904f923b0e48c90085c) Importer(815301076,1909f56bfc062723c751e8b465ee728b)
Start importing Assets/Audio/New Material 1.mat using Guid(0d9fe940d8c1e904f923b0e48c90085c) Importer(815301076,1909f56bfc062723c751e8b465ee728b)  -> (artifact id: '4b49ad51f725192eb7f95aa551ed13f6') in 0.033382 seconds 
========================================================================
Received Prepare
Registering precompiled user dll's ...
Registered in 0.010940 seconds.
Begin MonoManager ReloadAssembly
Native extension for WindowsStandalone target not found
Refreshing native plugins compatible for Editor in 1.95 ms, found 2 plugins.
Preloading 0 native plugins for Editor in 0.00 ms.
Mono: successfully reloaded assembly
- Completed reload, in  3.629 seconds
Domain Reload Profiling:
	ReloadAssembly (3632ms)
		BeginReloadAssembly (443ms)
			ExecutionOrderSort (0ms)
			DisableScriptedObjects (20ms)
			BackupInstance (0ms)
			ReleaseScriptingObjects (0ms)
			CreateAndSetChildDomain (184ms)
		EndReloadAssembly (2915ms)
			LoadAssemblies (168ms)
			RebuildTransferFunctionScriptingTraits (0ms)
			SetupTypeCache (533ms)
			ReleaseScriptCaches (6ms)
			RebuildScriptCaches (248ms)
			SetupLoadedEditorAssemblies (1517ms)
				LogAssemblyErrors (0ms)
				InitializePlatformSupportModulesInManaged (60ms)
				SetLoadedEditorAssemblies (2ms)
				RefreshPlugins (2ms)
				BeforeProcessingInitializeOnLoad (179ms)
				ProcessInitializeOnLoadAttributes (1072ms)
				ProcessInitializeOnLoadMethodAttributes (151ms)
				AfterProcessingInitializeOnLoad (51ms)
				EditorAssembliesLoaded (1ms)
			ExecutionOrderSort2 (0ms)
			AwakeInstancesAfterBackupRestoration (29ms)
Platform modules already initialized, skipping
Refreshing native plugins compatible for Editor in 0.93 ms, found 2 plugins.
Preloading 0 native plugins for Editor in 0.00 ms.
Unloading 1160 Unused Serialized files (Serialized files now loaded: 0)
Unloading 23 unused Assets / (96.8 KB). Loaded Objects now: 1815.
Memory consumption went from 80.5 MB to 80.4 MB.
Total: 11.500800 ms (FindLiveObjects: 0.444600 ms CreateObjectMapping: 0.349500 ms MarkObjects: 10.600200 ms  DeleteObjects: 0.103400 ms)

AssetImportParameters requested are different than current active one (requested -> active):
  custom:video-decoder-ogg-theora: a1e56fd34408186e4bbccfd4996cb3dc -> 
  custom:container-muxer-webm: aa71ff27fc2769a1b78a27578f13a17b -> 
  custom:container-demuxer-webm: 4f35f7cbe854078d1ac9338744f61a02 -> 
  custom:video-encoder-webm-vp8: eb34c28f22e8b96e1ab97ce403110664 -> 
  custom:video-codec-MediaFoundation-h265: 746d11721c4dcdbdad8f713fa42b33f4 -> 
  custom:audio-encoder-webm-vorbis: bf7c407c2cedff20999df2af8eb42d56 -> 
  custom:framework-win-MediaFoundation: 216162199b28c13a410421893ffa2e32 -> 
  custom:container-demuxer-ogg: 62fdf1f143b41e24485cea50d1cbac27 -> 
  custom:video-decoder-webm-vp8: 9c59270c3fd7afecdb556c50c9e8de78 -> 
  custom:audio-decoder-ogg-vorbis: bf7c407c2cedff20999df2af8eb42d56 -> 
========================================================================
Received Prepare
Registering precompiled user dll's ...
Registered in 0.011473 seconds.
Begin MonoManager ReloadAssembly
Native extension for WindowsStandalone target not found
Refreshing native plugins compatible for Editor in 0.99 ms, found 2 plugins.
Preloading 0 native plugins for Editor in 0.00 ms.
Mono: successfully reloaded assembly
- Completed reload, in  2.625 seconds
Domain Reload Profiling:
	ReloadAssembly (2627ms)
		BeginReloadAssembly (216ms)
			ExecutionOrderSort (0ms)
			DisableScriptedObjects (9ms)
			BackupInstance (0ms)
			ReleaseScriptingObjects (0ms)
			CreateAndSetChildDomain (44ms)
		EndReloadAssembly (2187ms)
			LoadAssemblies (127ms)
			RebuildTransferFunctionScriptingTraits (0ms)
			SetupTypeCache (461ms)
			ReleaseScriptCaches (2ms)
			RebuildScriptCaches (150ms)
			SetupLoadedEditorAssemblies (1074ms)
				LogAssemblyErrors (0ms)
				InitializePlatformSupportModulesInManaged (56ms)
				SetLoadedEditorAssemblies (2ms)
				RefreshPlugins (1ms)
				BeforeProcessingInitializeOnLoad (143ms)
				ProcessInitializeOnLoadAttributes (682ms)
				ProcessInitializeOnLoadMethodAttributes (135ms)
				AfterProcessingInitializeOnLoad (54ms)
				EditorAssembliesLoaded (1ms)
			ExecutionOrderSort2 (0ms)
			AwakeInstancesAfterBackupRestoration (29ms)
Platform modules already initialized, skipping
Refreshing native plugins compatible for Editor in 0.72 ms, found 2 plugins.
Preloading 0 native plugins for Editor in 0.00 ms.
Unloading 1160 Unused Serialized files (Serialized files now loaded: 0)
Unloading 23 unused Assets / (96.8 KB). Loaded Objects now: 1829.
Memory consumption went from 80.5 MB to 80.4 MB.
Total: 7.388600 ms (FindLiveObjects: 0.377600 ms CreateObjectMapping: 0.240400 ms MarkObjects: 6.675100 ms  DeleteObjects: 0.092200 ms)

AssetImportParameters requested are different than current active one (requested -> active):
  custom:video-decoder-ogg-theora: a1e56fd34408186e4bbccfd4996cb3dc -> 
  custom:container-muxer-webm: aa71ff27fc2769a1b78a27578f13a17b -> 
  custom:container-demuxer-webm: 4f35f7cbe854078d1ac9338744f61a02 -> 
  custom:video-encoder-webm-vp8: eb34c28f22e8b96e1ab97ce403110664 -> 
  custom:video-codec-MediaFoundation-h265: 746d11721c4dcdbdad8f713fa42b33f4 -> 
  custom:audio-encoder-webm-vorbis: bf7c407c2cedff20999df2af8eb42d56 -> 
  custom:framework-win-MediaFoundation: 216162199b28c13a410421893ffa2e32 -> 
  custom:container-demuxer-ogg: 62fdf1f143b41e24485cea50d1cbac27 -> 
  custom:video-decoder-webm-vp8: 9c59270c3fd7afecdb556c50c9e8de78 -> 
  custom:audio-decoder-ogg-vorbis: bf7c407c2cedff20999df2af8eb42d56 -> 
========================================================================
Received Import Request.
  Time since last request: 88.667443 seconds.
  path: Assets/Audio/New Material 1.mat
  artifactKey: Guid(0d9fe940d8c1e904f923b0e48c90085c) Importer(815301076,1909f56bfc062723c751e8b465ee728b)
Start importing Assets/Audio/New Material 1.mat using Guid(0d9fe940d8c1e904f923b0e48c90085c) Importer(815301076,1909f56bfc062723c751e8b465ee728b)  -> (artifact id: '3a59c0cbb8dd8415b3ccee21f788d47b') in 0.182372 seconds 
========================================================================
Received Prepare
Registering precompiled user dll's ...
Registered in 0.012744 seconds.
Begin MonoManager ReloadAssembly
Native extension for WindowsStandalone target not found
Refreshing native plugins compatible for Editor in 0.66 ms, found 2 plugins.
Preloading 0 native plugins for Editor in 0.00 ms.
Mono: successfully reloaded assembly
- Completed reload, in  3.282 seconds
Domain Reload Profiling:
	ReloadAssembly (3287ms)
		BeginReloadAssembly (253ms)
			ExecutionOrderSort (0ms)
			DisableScriptedObjects (9ms)
			BackupInstance (0ms)
			ReleaseScriptingObjects (0ms)
			CreateAndSetChildDomain (54ms)
		EndReloadAssembly (2728ms)
			LoadAssemblies (159ms)
			RebuildTransferFunctionScriptingTraits (0ms)
			SetupTypeCache (379ms)
			ReleaseScriptCaches (1ms)
			RebuildScriptCaches (99ms)
			SetupLoadedEditorAssemblies (1800ms)
				LogAssemblyErrors (0ms)
				InitializePlatformSupportModulesInManaged (44ms)
				SetLoadedEditorAssemblies (2ms)
				RefreshPlugins (1ms)
				BeforeProcessingInitializeOnLoad (149ms)
				ProcessInitializeOnLoadAttributes (1365ms)
				ProcessInitializeOnLoadMethodAttributes (176ms)
				AfterProcessingInitializeOnLoad (62ms)
				EditorAssembliesLoaded (1ms)
			ExecutionOrderSort2 (0ms)
			AwakeInstancesAfterBackupRestoration (36ms)
Platform modules already initialized, skipping
Refreshing native plugins compatible for Editor in 1.12 ms, found 2 plugins.
Preloading 0 native plugins for Editor in 0.00 ms.
Unloading 1160 Unused Serialized files (Serialized files now loaded: 0)
Unloading 23 unused Assets / (96.8 KB). Loaded Objects now: 1843.
Memory consumption went from 80.5 MB to 80.5 MB.
Total: 7.179300 ms (FindLiveObjects: 0.581600 ms CreateObjectMapping: 0.320300 ms MarkObjects: 6.158400 ms  DeleteObjects: 0.114700 ms)

AssetImportParameters requested are different than current active one (requested -> active):
  custom:video-decoder-ogg-theora: a1e56fd34408186e4bbccfd4996cb3dc -> 
  custom:container-muxer-webm: aa71ff27fc2769a1b78a27578f13a17b -> 
  custom:container-demuxer-webm: 4f35f7cbe854078d1ac9338744f61a02 -> 
  custom:video-encoder-webm-vp8: eb34c28f22e8b96e1ab97ce403110664 -> 
  custom:video-codec-MediaFoundation-h265: 746d11721c4dcdbdad8f713fa42b33f4 -> 
  custom:audio-encoder-webm-vorbis: bf7c407c2cedff20999df2af8eb42d56 -> 
  custom:framework-win-MediaFoundation: 216162199b28c13a410421893ffa2e32 -> 
  custom:container-demuxer-ogg: 62fdf1f143b41e24485cea50d1cbac27 -> 
  custom:video-decoder-webm-vp8: 9c59270c3fd7afecdb556c50c9e8de78 -> 
  custom:audio-decoder-ogg-vorbis: bf7c407c2cedff20999df2af8eb42d56 -> 
========================================================================
Received Prepare
Registering precompiled user dll's ...
Registered in 0.020665 seconds.
Begin MonoManager ReloadAssembly
Native extension for WindowsStandalone target not found
Refreshing native plugins compatible for Editor in 0.58 ms, found 2 plugins.
Preloading 0 native plugins for Editor in 0.00 ms.
Mono: successfully reloaded assembly
- Completed reload, in  2.439 seconds
Domain Reload Profiling:
	ReloadAssembly (2441ms)
		BeginReloadAssembly (235ms)
			ExecutionOrderSort (0ms)
			DisableScriptedObjects (12ms)
			BackupInstance (0ms)
			ReleaseScriptingObjects (0ms)
			CreateAndSetChildDomain (45ms)
		EndReloadAssembly (1894ms)
			LoadAssemblies (135ms)
			RebuildTransferFunctionScriptingTraits (0ms)
			SetupTypeCache (312ms)
			ReleaseScriptCaches (1ms)
			RebuildScriptCaches (122ms)
			SetupLoadedEditorAssemblies (1063ms)
				LogAssemblyErrors (0ms)
				InitializePlatformSupportModulesInManaged (28ms)
				SetLoadedEditorAssemblies (1ms)
				RefreshPlugins (1ms)
				BeforeProcessingInitializeOnLoad (88ms)
				ProcessInitializeOnLoadAttributes (804ms)
				ProcessInitializeOnLoadMethodAttributes (100ms)
				AfterProcessingInitializeOnLoad (41ms)
				EditorAssembliesLoaded (1ms)
			ExecutionOrderSort2 (0ms)
			AwakeInstancesAfterBackupRestoration (27ms)
Platform modules already initialized, skipping
Refreshing native plugins compatible for Editor in 0.94 ms, found 2 plugins.
Preloading 0 native plugins for Editor in 0.00 ms.
Unloading 1160 Unused Serialized files (Serialized files now loaded: 0)
Unloading 23 unused Assets / (96.9 KB). Loaded Objects now: 1857.
Memory consumption went from 80.6 MB to 80.5 MB.
Total: 8.265100 ms (FindLiveObjects: 0.284400 ms CreateObjectMapping: 0.123500 ms MarkObjects: 7.759200 ms  DeleteObjects: 0.095400 ms)

AssetImportParameters requested are different than current active one (requested -> active):
  custom:video-decoder-ogg-theora: a1e56fd34408186e4bbccfd4996cb3dc -> 
  custom:container-muxer-webm: aa71ff27fc2769a1b78a27578f13a17b -> 
  custom:container-demuxer-webm: 4f35f7cbe854078d1ac9338744f61a02 -> 
  custom:video-encoder-webm-vp8: eb34c28f22e8b96e1ab97ce403110664 -> 
  custom:video-codec-MediaFoundation-h265: 746d11721c4dcdbdad8f713fa42b33f4 -> 
  custom:audio-encoder-webm-vorbis: bf7c407c2cedff20999df2af8eb42d56 -> 
  custom:framework-win-MediaFoundation: 216162199b28c13a410421893ffa2e32 -> 
  custom:container-demuxer-ogg: 62fdf1f143b41e24485cea50d1cbac27 -> 
  custom:video-decoder-webm-vp8: 9c59270c3fd7afecdb556c50c9e8de78 -> 
  custom:audio-decoder-ogg-vorbis: bf7c407c2cedff20999df2af8eb42d56 -> 
========================================================================
Received Import Request.
  Time since last request: 957.017237 seconds.
  path: Assets/Audio/NewSurfaceShader.shader
  artifactKey: Guid(6d2e7a90896c76b46bc2943b3459d45f) Importer(815301076,1909f56bfc062723c751e8b465ee728b)
Start importing Assets/Audio/NewSurfaceShader.shader using Guid(6d2e7a90896c76b46bc2943b3459d45f) Importer(815301076,1909f56bfc062723c751e8b465ee728b)  -> (artifact id: '627649ece5fa739488411cd6ee2c5021') in 0.076333 seconds 
========================================================================
Received Prepare
Registering precompiled user dll's ...
Registered in 0.021340 seconds.
Begin MonoManager ReloadAssembly
Native extension for WindowsStandalone target not found
Refreshing native plugins compatible for Editor in 114.15 ms, found 2 plugins.
Preloading 0 native plugins for Editor in 0.00 ms.
Mono: successfully reloaded assembly
- Completed reload, in  3.367 seconds
Domain Reload Profiling:
	ReloadAssembly (3369ms)
		BeginReloadAssembly (274ms)
			ExecutionOrderSort (0ms)
			DisableScriptedObjects (14ms)
			BackupInstance (0ms)
			ReleaseScriptingObjects (0ms)
			CreateAndSetChildDomain (56ms)
		EndReloadAssembly (2334ms)
			LoadAssemblies (175ms)
			RebuildTransferFunctionScriptingTraits (0ms)
			SetupTypeCache (435ms)
			ReleaseScriptCaches (1ms)
			RebuildScriptCaches (127ms)
			SetupLoadedEditorAssemblies (1412ms)
				LogAssemblyErrors (0ms)
				InitializePlatformSupportModulesInManaged (44ms)
				SetLoadedEditorAssemblies (1ms)
				RefreshPlugins (114ms)
				BeforeProcessingInitializeOnLoad (166ms)
				ProcessInitializeOnLoadAttributes (859ms)
				ProcessInitializeOnLoadMethodAttributes (209ms)
				AfterProcessingInitializeOnLoad (19ms)
				EditorAssembliesLoaded (0ms)
			ExecutionOrderSort2 (0ms)
			AwakeInstancesAfterBackupRestoration (12ms)
Platform modules already initialized, skipping
Refreshing native plugins compatible for Editor in 1.28 ms, found 2 plugins.
Preloading 0 native plugins for Editor in 0.00 ms.
Unloading 2119 Unused Serialized files (Serialized files now loaded: 0)
Unloading 34 unused Assets / (1.1 MB). Loaded Objects now: 2819.
Memory consumption went from 112.8 MB to 111.7 MB.
Total: 7.900100 ms (FindLiveObjects: 0.483800 ms CreateObjectMapping: 0.372000 ms MarkObjects: 6.113900 ms  DeleteObjects: 0.927800 ms)

AssetImportParameters requested are different than current active one (requested -> active):
  custom:video-decoder-ogg-theora: a1e56fd34408186e4bbccfd4996cb3dc -> 
  custom:container-muxer-webm: aa71ff27fc2769a1b78a27578f13a17b -> 
  custom:container-demuxer-webm: 4f35f7cbe854078d1ac9338744f61a02 -> 
  custom:video-encoder-webm-vp8: eb34c28f22e8b96e1ab97ce403110664 -> 
  custom:video-codec-MediaFoundation-h265: 746d11721c4dcdbdad8f713fa42b33f4 -> 
  custom:audio-encoder-webm-vorbis: bf7c407c2cedff20999df2af8eb42d56 -> 
  custom:framework-win-MediaFoundation: 216162199b28c13a410421893ffa2e32 -> 
  custom:container-demuxer-ogg: 62fdf1f143b41e24485cea50d1cbac27 -> 
  custom:video-decoder-webm-vp8: 9c59270c3fd7afecdb556c50c9e8de78 -> 
  custom:audio-decoder-ogg-vorbis: bf7c407c2cedff20999df2af8eb42d56 -> 
========================================================================
Received Import Request.
  Time since last request: 398.233943 seconds.
  path: Assets/Audio/New Shader Graph.shadergraph
  artifactKey: Guid(56df79034e76c9b4f81c90dca8b68097) Importer(815301076,1909f56bfc062723c751e8b465ee728b)
Start importing Assets/Audio/New Shader Graph.shadergraph using Guid(56df79034e76c9b4f81c90dca8b68097) Importer(815301076,1909f56bfc062723c751e8b465ee728b)  -> (artifact id: 'fb91bf41d2d4bbcd5de3f89d9f88df75') in 0.047768 seconds 
